[INFO ] 09:28:42:557 [InitStander.afterPropertiesSet:38] 初始化语言环境：zh_CN 
[INFO ] 09:28:42:570 [AudienceAround.watchPerformance:54] 后置通知 
[INFO ] 09:28:42:571 [AudienceAround.watchPerformance:72] 代理对象：com.blog.service.impl.WebsiteBaseServiceImpl 
[INFO ] 09:28:42:572 [AudienceAround.watchPerformance:78] 方法名：get 
[INFO ] 09:28:42:573 [AudienceAround.watchPerformance:79] 返回值类型：Object 
[INFO ] 09:28:42:939 [InitStander.afterPropertiesSet:41] 初始化网站基本配置:com.blog.entity.WebsiteBase [id = 1, sitename = 博客后台管理, update_time = 2019-09-20 11:51:24.0, index_url = admin/main/aly_control.chtml, spread = 2019091908459891, domain = http://www.chenjiwey.cn:8080, cache_time = 0, max_cache_size = 0, cache_type = png|gif|jpg|jpeg|zip|rar, title = , keywords = , meta_desc = , copyright = Copyright ©2018 chenjiwey@163.com | 粤ICP备 19034391, upload = D:/upload/, white_list = /MyBlog/admin/login.chtml
,/MyBlog/admin/login.do
,/MyBlog/admin/plan/show.chtml
,/MyBlog/admin/plan/save_or_update.chtml
,/MyBlog/admin/plan/update.do
,/MyBlog/blog
,/MyBlog/admin/plan/night.chtml
,/MyBlog/admin/plan/set.chtml
,/MyBlog/admin/plan/statistics.chtml
,/MyBlog/admin/plan/nextPlan.chtml
,/MyBlog/admin/plan/set.do
,/MyBlog/fore/test/share.chtml
,/MyBlog/fore/test/pcenter.chtml
,/MyBlog/fore/test/index.chtml
,/MyBlog/wechat,/MyBlog/wechat/token
,/MyBlog/wechat/token.chtml
,/MyBlog/wx/wxLogin
,/MyBlog/fore/test/well.chtml
,/MyBlog/fore/test/well.chtml
,/MyBlog/code_error
,/MyBlog/
,/MyBlog/admin/main/relogin.chtml
,/MyBlog/admin/main/accessDenied.chtml
,/MyBlog/admin/logout.do
,/MyBlog/vue/test.do, secret_key = 413615141666693120, languages = zh_CN-blog.lang.chinese,en_US-blog.lang.english] 
[INFO ] 09:30:24:655 [InitStander.afterPropertiesSet:38] 初始化语言环境：zh_CN 
[INFO ] 09:30:24:665 [AudienceAround.watchPerformance:54] 后置通知 
[INFO ] 09:30:24:665 [AudienceAround.watchPerformance:72] 代理对象：com.blog.service.impl.WebsiteBaseServiceImpl 
[INFO ] 09:30:24:666 [AudienceAround.watchPerformance:78] 方法名：get 
[INFO ] 09:30:24:667 [AudienceAround.watchPerformance:79] 返回值类型：Object 
[INFO ] 09:30:24:946 [InitStander.afterPropertiesSet:41] 初始化网站基本配置:com.blog.entity.WebsiteBase [id = 1, sitename = 博客后台管理, update_time = 2019-09-20 11:51:24.0, index_url = admin/main/aly_control.chtml, spread = 2019091908459891, domain = http://www.chenjiwey.cn:8080, cache_time = 0, max_cache_size = 0, cache_type = png|gif|jpg|jpeg|zip|rar, title = , keywords = , meta_desc = , copyright = Copyright ©2018 chenjiwey@163.com | 粤ICP备 19034391, upload = D:/upload/, white_list = /MyBlog/admin/login.chtml
,/MyBlog/admin/login.do
,/MyBlog/admin/plan/show.chtml
,/MyBlog/admin/plan/save_or_update.chtml
,/MyBlog/admin/plan/update.do
,/MyBlog/blog
,/MyBlog/admin/plan/night.chtml
,/MyBlog/admin/plan/set.chtml
,/MyBlog/admin/plan/statistics.chtml
,/MyBlog/admin/plan/nextPlan.chtml
,/MyBlog/admin/plan/set.do
,/MyBlog/fore/test/share.chtml
,/MyBlog/fore/test/pcenter.chtml
,/MyBlog/fore/test/index.chtml
,/MyBlog/wechat,/MyBlog/wechat/token
,/MyBlog/wechat/token.chtml
,/MyBlog/wx/wxLogin
,/MyBlog/fore/test/well.chtml
,/MyBlog/fore/test/well.chtml
,/MyBlog/code_error
,/MyBlog/
,/MyBlog/admin/main/relogin.chtml
,/MyBlog/admin/main/accessDenied.chtml
,/MyBlog/admin/logout.do
,/MyBlog/vue/test.do, secret_key = 413615141666693120, languages = zh_CN-blog.lang.chinese,en_US-blog.lang.english] 
[INFO ] 09:31:35:130 [InitStander.afterPropertiesSet:38] 初始化语言环境：zh_CN 
[INFO ] 09:31:35:137 [AudienceAround.watchPerformance:54] 后置通知 
[INFO ] 09:31:35:137 [AudienceAround.watchPerformance:72] 代理对象：com.blog.service.impl.WebsiteBaseServiceImpl 
[INFO ] 09:31:35:138 [AudienceAround.watchPerformance:78] 方法名：get 
[INFO ] 09:31:35:138 [AudienceAround.watchPerformance:79] 返回值类型：Object 
[INFO ] 09:31:35:416 [InitStander.afterPropertiesSet:41] 初始化网站基本配置:com.blog.entity.WebsiteBase [id = 1, sitename = 博客后台管理, update_time = 2019-09-20 11:51:24.0, index_url = admin/main/aly_control.chtml, spread = 2019091908459891, domain = http://www.chenjiwey.cn:8080, cache_time = 0, max_cache_size = 0, cache_type = png|gif|jpg|jpeg|zip|rar, title = , keywords = , meta_desc = , copyright = Copyright ©2018 chenjiwey@163.com | 粤ICP备 19034391, upload = D:/upload/, white_list = /MyBlog/admin/login.chtml
,/MyBlog/admin/login.do
,/MyBlog/admin/plan/show.chtml
,/MyBlog/admin/plan/save_or_update.chtml
,/MyBlog/admin/plan/update.do
,/MyBlog/blog
,/MyBlog/admin/plan/night.chtml
,/MyBlog/admin/plan/set.chtml
,/MyBlog/admin/plan/statistics.chtml
,/MyBlog/admin/plan/nextPlan.chtml
,/MyBlog/admin/plan/set.do
,/MyBlog/fore/test/share.chtml
,/MyBlog/fore/test/pcenter.chtml
,/MyBlog/fore/test/index.chtml
,/MyBlog/wechat,/MyBlog/wechat/token
,/MyBlog/wechat/token.chtml
,/MyBlog/wx/wxLogin
,/MyBlog/fore/test/well.chtml
,/MyBlog/fore/test/well.chtml
,/MyBlog/code_error
,/MyBlog/
,/MyBlog/admin/main/relogin.chtml
,/MyBlog/admin/main/accessDenied.chtml
,/MyBlog/admin/logout.do
,/MyBlog/vue/test.do, secret_key = 413615141666693120, languages = zh_CN-blog.lang.chinese,en_US-blog.lang.english] 
[INFO ] 09:39:14:973 [InitStander.afterPropertiesSet:38] 初始化语言环境：zh_CN 
[INFO ] 09:39:14:981 [AudienceAround.watchPerformance:54] 后置通知 
[INFO ] 09:39:14:981 [AudienceAround.watchPerformance:72] 代理对象：com.blog.service.impl.WebsiteBaseServiceImpl 
[INFO ] 09:39:14:983 [AudienceAround.watchPerformance:78] 方法名：get 
[INFO ] 09:39:14:983 [AudienceAround.watchPerformance:79] 返回值类型：Object 
[INFO ] 09:39:15:322 [InitStander.afterPropertiesSet:41] 初始化网站基本配置:com.blog.entity.WebsiteBase [id = 1, sitename = 博客后台管理, update_time = 2019-09-20 11:51:24.0, index_url = admin/main/aly_control.chtml, spread = 2019091908459891, domain = http://www.chenjiwey.cn:8080, cache_time = 0, max_cache_size = 0, cache_type = png|gif|jpg|jpeg|zip|rar, title = , keywords = , meta_desc = , copyright = Copyright ©2018 chenjiwey@163.com | 粤ICP备 19034391, upload = D:/upload/, white_list = /MyBlog/admin/login.chtml
,/MyBlog/admin/login.do
,/MyBlog/admin/plan/show.chtml
,/MyBlog/admin/plan/save_or_update.chtml
,/MyBlog/admin/plan/update.do
,/MyBlog/blog
,/MyBlog/admin/plan/night.chtml
,/MyBlog/admin/plan/set.chtml
,/MyBlog/admin/plan/statistics.chtml
,/MyBlog/admin/plan/nextPlan.chtml
,/MyBlog/admin/plan/set.do
,/MyBlog/fore/test/share.chtml
,/MyBlog/fore/test/pcenter.chtml
,/MyBlog/fore/test/index.chtml
,/MyBlog/wechat,/MyBlog/wechat/token
,/MyBlog/wechat/token.chtml
,/MyBlog/wx/wxLogin
,/MyBlog/fore/test/well.chtml
,/MyBlog/fore/test/well.chtml
,/MyBlog/code_error
,/MyBlog/
,/MyBlog/admin/main/relogin.chtml
,/MyBlog/admin/main/accessDenied.chtml
,/MyBlog/admin/logout.do
,/MyBlog/vue/test.do, secret_key = 413615141666693120, languages = zh_CN-blog.lang.chinese,en_US-blog.lang.english] 
[INFO ] 09:39:37:56 [InitStander.afterPropertiesSet:38] 初始化语言环境：zh_CN 
[INFO ] 09:39:37:63 [AudienceAround.watchPerformance:54] 后置通知 
[INFO ] 09:39:37:63 [AudienceAround.watchPerformance:72] 代理对象：com.blog.service.impl.WebsiteBaseServiceImpl 
[INFO ] 09:39:37:65 [AudienceAround.watchPerformance:78] 方法名：get 
[INFO ] 09:39:37:65 [AudienceAround.watchPerformance:79] 返回值类型：Object 
[INFO ] 09:39:37:384 [InitStander.afterPropertiesSet:41] 初始化网站基本配置:com.blog.entity.WebsiteBase [id = 1, sitename = 博客后台管理, update_time = 2019-09-20 11:51:24.0, index_url = admin/main/aly_control.chtml, spread = 2019091908459891, domain = http://www.chenjiwey.cn:8080, cache_time = 0, max_cache_size = 0, cache_type = png|gif|jpg|jpeg|zip|rar, title = , keywords = , meta_desc = , copyright = Copyright ©2018 chenjiwey@163.com | 粤ICP备 19034391, upload = D:/upload/, white_list = /MyBlog/admin/login.chtml
,/MyBlog/admin/login.do
,/MyBlog/admin/plan/show.chtml
,/MyBlog/admin/plan/save_or_update.chtml
,/MyBlog/admin/plan/update.do
,/MyBlog/blog
,/MyBlog/admin/plan/night.chtml
,/MyBlog/admin/plan/set.chtml
,/MyBlog/admin/plan/statistics.chtml
,/MyBlog/admin/plan/nextPlan.chtml
,/MyBlog/admin/plan/set.do
,/MyBlog/fore/test/share.chtml
,/MyBlog/fore/test/pcenter.chtml
,/MyBlog/fore/test/index.chtml
,/MyBlog/wechat,/MyBlog/wechat/token
,/MyBlog/wechat/token.chtml
,/MyBlog/wx/wxLogin
,/MyBlog/fore/test/well.chtml
,/MyBlog/fore/test/well.chtml
,/MyBlog/code_error
,/MyBlog/
,/MyBlog/admin/main/relogin.chtml
,/MyBlog/admin/main/accessDenied.chtml
,/MyBlog/admin/logout.do
,/MyBlog/vue/test.do, secret_key = 413615141666693120, languages = zh_CN-blog.lang.chinese,en_US-blog.lang.english] 
